<?xml version="1.0" encoding="UTF-8"?>
<!-- Generated by org.testng.reporters.JUnitReportReporter -->
<testsuite hostname="PNVL47" failures="0" tests="3" name="webdriver.App" time="0.125" errors="0" timestamp="8 Jan 2022 04:52:58 GMT">
  <testcase classname="webdriver.App" name="TC_03_LoginFormDisplayed" time="0.055"/>
  <testcase classname="webdriver.App" name="TC_01_ValidateCurrentUrl" time="0.021"/>
  <testcase classname="webdriver.App" name="TC_02_ValidatePageTitle" time="0.049"/>
</testsuite> <!-- webdriver.App -->
